Apr 19, 2020 3:53:00 PM com.gigaspaces.admin.cli.RuntimeInfo logRuntimeInfo
INFO: Starting space...
********************************** System Report ***********************************
GigaSpaces XAP 15.2.0
    Home: /Users/yoramweinreb/work/Confluent-POC-2/kstreams/bin
    Lookup Groups: xap-15.2.0
    Lookup Locators: 
Java:
    Java Runtime: Java(TM) SE Runtime Environment 1.8.0_211-b12 (Oracle Corporation)
    Java VM: Java HotSpot(TM) 64-Bit Server VM 25.211-b12 (Oracle Corporation)
    Java Home: /Library/Java/JavaVirtualMachines/jdk1.8.0_211.jdk/Contents/Home/jre
    Memory: Currently used 25MB, Current heap size 390MB, Max heap size 7635MB
Operating System: Mac OS X [version=10.14.6, architecture=x86_64, processors=16]
Process Id: 64211
Network:
    Local Host: [192.168.99.1/192.168.99.1] 
    vboxnet1: vboxnet1 [IP addresses: 192.168.99.1]
************************************************************************************
Apr 19, 2020 3:53:00 PM com.gigaspaces.admin.cli.RuntimeInfo logRuntimeInfo
INFO: Starting Lookup Service...
Apr 19, 2020 3:53:00 PM com.sun.jini.reggie.GigaRegistrar init
INFO: Started Lookup Service [duration=0.165s, groups=[xap-15.2.0], service-id=9cfbcdc3-0bc1-4544-991a-0a0d9b1e03c1, locator=jini://192.168.99.1:4174/]
Apr 19, 2020 3:53:01 PM com.gigaspaces.internal.server.space.SpaceImpl startInternal
INFO: Space started [duration=0.687s, url=/./mySpace?schema=default&groups=xap-15.2.0&state=started, policy=all-in-cache, persistency-mode=memory]
